********************************************************************************
*** This is an auto generated report file showing the opcodes and memory map ***
*** File name : Toggle LED                                                   ***
*** Date of creation : 21-01-2021 20:27:29                                   ***


Memory available : 256 bytes,  Memory used : 24 bytes, 9.38%
--------------------------------------------------------------------------------

Constants

LED = P0.2
btn = P0.6
compare_th0 = x35
compare_tl0 = x68
prescale_512 = $3
btn_pin = x40
LED_STATE = r0
--------------------------------------------------------------------------------

Address     Opcode

    __inti__:
0   		mov th0 compare_th0
1   		mov tl0 compare_tl0
2   		mov cs0 prescale_512
3   		set t0e
4   		ddrp0 btn_pin
5   		mov LED_STATE $0
    wait:
6   		jb btn toggle
8   		jmp wait
    toggle:
9   		mov a, LED_STATE
10   		cmpi $0
11   		jmz setLed
    clrLed:
12   		mov LED_STATE $0
13   		clr LED
14   		call debounce
15   		jmp wait
    setLed:
16   		mov LED_STATE $1
17   		set LED
18   		call debounce
19   		jmp wait
    debounce:
20   		set tr0
    delay:
21   		jnbtf0 delay
22   		clr t0
23   		ret
--------------------------------------------------------------------------------

Memory Map

1	0000000000000000   0011110000110101        0	3c  35
2	0000000000000001   0011110101101000        1	3d  68
3	0000000000000010   0011111000000011        2	3e  03
4	0000000000000011   0011100100000000        3	39  00
5	0000000000000100   0110001001000000        4	62  40
6	0000000000000101   0000101100000000        5	0b  00
7	0000000000000110   0110001101000000        6	63  40
8	0000000000000111   0000000000001001        7	00  09
9	0000000000001000   0000011000000110        8	06  06
10	0000000000001001   0001000000000000        9	10  00
11	0000000000001010   1011111000000000        10	be  00
12	0000000000001011   0000100000010000        11	08  10
13	0000000000001100   0000101100000000        12	0b  00
14	0000000000001101   0011001100000100        13	33  04
15	0000000000001110   0101101000010100        14	5a  14
16	0000000000001111   0000011000000110        15	06  06
17	0000000000010000   0000101100000001        16	0b  01
18	0000000000010001   0011001000000100        17	32  04
19	0000000000010010   0101101000010100        18	5a  14
20	0000000000010011   0000011000000110        19	06  06
21	0000000000010100   0011101100000000        20	3b  00
22	0000000000010101   0011100000010101        21	38  15
23	0000000000010110   0011101000000000        22	3a  00
24	0000000000010111   0101101100000000        23	5b  00
--------------------------------------------------------------------------------

HEX Code

: 10 00 00 3c 35 3d 68 3e 03 39 00 62 40 0b 00 63 40 00 09
: 10 08 00 06 06 10 00 be 00 08 10 0b 00 33 04 5a 14 06 06
: 10 10 00 0b 01 32 04 5a 14 06 06 3b 00 38 15 3a 00 5b 00
: 00 00 01
--------------------------------------------------------------------------------
--------------------------------------------------------------------------------