********************************************************************************
*** This is an auto generated report file showing the opcodes and memory map ***
*** File name : 1602_8_bit                                                   ***
*** Date of creation : 31-01-2021 12:55:06                                   ***


Memory available : 256 bytes,  Memory used : 43 bytes, 16.80%
--------------------------------------------------------------------------------

Word String

0000000011111111  0000000000111000        255  8
0000000011111110  0000000000101101        254  -
0000000011111101  0000000001100010        253  b
0000000011111100  0000000001101001        252  i
0000000011111011  0000000001110100        251  t
0000000011111010  0000000000100000        250   
0000000011111001  0000000001001101        249  M
0000000011111000  0000000001101111        248  o
0000000011110111  0000000001100100        247  d
0000000011110110  0000000001100101        246  e
0000000011110101  0000000000100001        245  !
0000000011110100  0000000000100001        244  !
--------------------------------------------------------------------------------


Constants

DATA = P1
LCD_RS = P0.3
LCD_E = P0.4
LCD_RW = P0.5
LCD_BF = P1.7
BF_PIN = x80
ADDRESS = b11111111
DATA_LEN = b00001100
--------------------------------------------------------------------------------

Address     Opcode

    my_word:
    display_setup:
0   		DDRP0 $0
1   		DDRP1 $0
2   		MOV P0 $0
3   		MOV R2 x30
4   		CALL set_instruction
5   		MOV R0 ADDRESS
6   		MOV R1 (DATA_LEN - 1)
7   		MOV R2 $1
8   		CALL set_instruction
9   		MOV R2 $12
10   		CALL set_instruction
    send_characters:
11   		SET LCD_RS
12   		MOV A @R0
13   		MOV R2, A
14   		CALL set_data
15   		DEC R0 $1
16   		DJNZ R1, send_characters
17   		CLR LCD_RS
18   		HLT
    set_instruction:
    set_data:
19   		MOV A, R2
20   		MOV DATA, A
    execute_instruction:
21   		SET LCD_E
    check_BF:
22   		CLR LCD_RS
23   		SET LCD_RW
24   		DDRP1 BF_PIN
    lcd_busy:
25   		JB LCD_BF lcd_busy
27   		DDRP1 $0
28   		CLR LCD_E
29   		CLR LCD_RW
30   		RET
--------------------------------------------------------------------------------

Memory Map

1	0000000000000000   0110001000000000        0	62  00
2	0000000000000001   1011010100000000        1	b5  00
3	0000000000000010   0011011000000000        2	36  00
4	0000000000000011   0001101100110000        3	1b  30
5	0000000000000100   0101101000010011        4	5a  13
6	0000000000000101   0000101111111111        5	0b  ff
7	0000000000000110   0001010000001011        6	14  0b
8	0000000000000111   0001101100000001        7	1b  01
9	0000000000001000   0101101000010011        8	5a  13
10	0000000000001001   0001101100001100        9	1b  0c
11	0000000000001010   0101101000010011        10	5a  13
12	0000000000001011   0011001000001000        11	32  08
13	0000000000001100   1000110000000000        12	8c  00
14	0000000000001101   0001111100000000        13	1f  00
15	0000000000001110   0101101000010011        14	5a  13
16	0000000000001111   0100101000000001        15	4a  01
17	0000000000010000   0101011000001011        16	56  0b
18	0000000000010001   0011001100001000        17	33  08
19	0000000000010010   0000111100000000        18	0f  00
20	0000000000010011   0001111000000000        19	1e  00
21	0000000000010100   1011011100000000        20	b7  00
22	0000000000010101   0011001000010000        21	32  10
23	0000000000010110   0011001100001000        22	33  08
24	0000000000010111   0011001000100000        23	32  20
25	0000000000011000   1011010110000000        24	b5  80
26	0000000000011001   0110010110000000        25	65  80
27	0000000000011010   0000000000011001        26	00  19
28	0000000000011011   1011010100000000        27	b5  00
29	0000000000011100   0011001100010000        28	33  10
30	0000000000011101   0011001100100000        29	33  20
31	0000000000011110   0101101100000000        30	5b  00
32	0000000011111111   0000000000111000        255	00  38
33	0000000011111110   0000000000101101        254	00  2d
34	0000000011111101   0000000001100010        253	00  62
35	0000000011111100   0000000001101001        252	00  69
36	0000000011111011   0000000001110100        251	00  74
37	0000000011111010   0000000000100000        250	00  20
38	0000000011111001   0000000001001101        249	00  4d
39	0000000011111000   0000000001101111        248	00  6f
40	0000000011110111   0000000001100100        247	00  64
41	0000000011110110   0000000001100101        246	00  65
42	0000000011110101   0000000000100001        245	00  21
43	0000000011110100   0000000000100001        244	00  21
--------------------------------------------------------------------------------

HEX Code

: 10 00 00 62 00 b5 00 36 00 1b 30 5a 13 0b ff 14 0b 1b 01
: 10 08 00 5a 13 1b 0c 5a 13 32 08 8c 00 1f 00 5a 13 4a 01
: 10 10 00 56 0b 33 08 0f 00 1e 00 b7 00 32 10 33 08 32 20
: 0e 18 00 b5 80 65 80 00 19 b5 00 33 10 33 20 5b 00
: 10 f4 00 00 21 00 21 00 65 00 64 00 6f 00 4d 00 20 00 74
: 08 fc 00 00 69 00 62 00 2d 00 38
: 00 00 01
--------------------------------------------------------------------------------
--------------------------------------------------------------------------------