********************************************************************************
*** This is an auto generated report file showing the opcodes and memory map ***
*** File name : Led blink                                                    ***
*** Date of creation : 21-01-2021 20:33:33                                   ***


Memory available : 256 bytes,  Memory used : 15 bytes, 5.86%
--------------------------------------------------------------------------------

Constants

compare_th0 = x85
compare_tl0 = x84
prescale_1024 = $4
--------------------------------------------------------------------------------

Address     Opcode

    __init__:
0   		mov th0 compare_th0
1   		mov tl0 compare_tl0
2   		mov cs0 prescale_1024
3   		set t0e
4   		mov r0 xff
    blink:
5   		mov a, r0
6   		cpl a
7   		out
8   		mov r0, a
9   		call delay
10   		jmp blink
    delay:
11   		set tr0
    loop:
12   		jnbtf0 loop
13   		clr t0
14   		ret
--------------------------------------------------------------------------------

Memory Map

1	0000000000000000   0011110010000101        0	3c  85
2	0000000000000001   0011110110000100        1	3d  84
3	0000000000000010   0011111000000100        2	3e  04
4	0000000000000011   0011100100000000        3	39  00
5	0000000000000100   0000101111111111        4	0b  ff
6	0000000000000101   0001000000000000        5	10  00
7	0000000000000110   1000101111111111        6	8b  ff
8	0000000000000111   0000111000000000        7	0e  00
9	0000000000001000   0001000100000000        8	11  00
10	0000000000001001   0101101000001011        9	5a  0b
11	0000000000001010   0000011000000101        10	06  05
12	0000000000001011   0011101100000000        11	3b  00
13	0000000000001100   0011100000001100        12	38  0c
14	0000000000001101   0011101000000000        13	3a  00
15	0000000000001110   0101101100000000        14	5b  00
--------------------------------------------------------------------------------

HEX Code

: 10 00 00 3c 85 3d 84 3e 04 39 00 0b ff 10 00 8b ff 0e 00
: 0e 08 00 11 00 5a 0b 06 05 3b 00 38 0c 3a 00 5b 00
: 00 00 01
--------------------------------------------------------------------------------
--------------------------------------------------------------------------------