********************************************************************************
*** This is an auto generated report file showing the opcodes and memory map ***
*** File name : serial_comm                                                  ***
*** Date of creation : 26-02-2021 20:10:15                                   ***


Memory available : 256 bytes,  Memory used : 63 bytes, 24.61%
--------------------------------------------------------------------------------

Word String

0000000011111111  0000000001001000        255  H
0000000011111110  0000000001100101        254  e
0000000011111101  0000000001101100        253  l
0000000011111100  0000000001101100        252  l
0000000011111011  0000000001101111        251  o
0000000011111010  0000000000101100        250  ,
0000000011111001  0000000000100000        249   
0000000011111000  0000000001110111        248  w
0000000011110111  0000000001101111        247  o
0000000011110110  0000000001110010        246  r
0000000011110101  0000000001101100        245  l
0000000011110100  0000000001100100        244  d
0000000011110011  0000000000100001        243  !
0000000011110010  0000000000100001        242  !
--------------------------------------------------------------------------------


Constants

ADDRESS = b11111111
len = b00001110
len1 = b00000000
tx = p0.2
btn = p0.6
tx_delay_th = x07
tx_delay_tl = x1f
baud_th = x0e
baud_tl = x3e
prescale = $0
btn_out = b01000000
tx_out = x0
--------------------------------------------------------------------------------

Address     Opcode

0   		ddrp0 ($0 | btn_out | tx_out)
    __init__:
1   		mov r3 (len + len1 +$2 - $1)
2   		mov a, r3
3   		mov r0 (ADDRESS - len1 - len)
4   		ldi x0d
5   		mov @r0 a
6   		dec r0 $1
7   		ldi x0a
8   		mov @r0 a
9   		mov r0 ADDRESS
    init_serial:
10   		call load_character
11   		set tx
12   		mov r1 $7
13   		mov th0 tx_delay_th
14   		mov tl0 tx_delay_tl
15   		mov cs0 prescale
16   		set t0e
17   		call delay
    start:
18   		clr tx
19   		call delay
20   		mov th0 baud_th
21   		mov tl0 baud_tl
22   		set t0e
    send_data:
23   		mov a, r2
24   		mov c $0
25   		rrc
26   		mov tx, c
27   		call delay
28   		mov r2, a
29   		djnz r1, send_data
30   		set tx
31   		call delay
32   		dec r0 $1
33   		djnz r3, init_serial
    wait:
34   		jnb btn wait
36   		mov th0 b01001100
37   		mov tl0 b01001011
38   		mov cs0 $3
39   		set t0e
40   		call delay
41   		jmp __init__
    load_character:
42   		mov a @r0
43   		mov r2, a
44   		ret
    delay:
45   		set tr0
    loop:
46   		jnbtf0 loop
47   		clr t0
48   		ret
--------------------------------------------------------------------------------

Memory Map

1	0000000000000000   0110001001000000        0	62  40
2	0000000000000001   0111001100001111        1	73  0f
3	0000000000000010   0111010000000000        2	74  00
4	0000000000000011   0000101111110001        3	0b  f1
5	0000000000000100   0000010100001101        4	05  0d
6	0000000000000101   1001000000000000        5	90  00
7	0000000000000110   0100101000000001        6	4a  01
8	0000000000000111   0000010100001010        7	05  0a
9	0000000000001000   1001000000000000        8	90  00
10	0000000000001001   0000101111111111        9	0b  ff
11	0000000000001010   0101101000101010        10	5a  2a
12	0000000000001011   0011001000000100        11	32  04
13	0000000000001100   0001010000000111        12	14  07
14	0000000000001101   0011110000000111        13	3c  07
15	0000000000001110   0011110100011111        14	3d  1f
16	0000000000001111   0011111000000000        15	3e  00
17	0000000000010000   0011100100000000        16	39  00
18	0000000000010001   0101101000101101        17	5a  2d
19	0000000000010010   0011001100000100        18	33  04
20	0000000000010011   0101101000101101        19	5a  2d
21	0000000000010100   0011110000001110        20	3c  0e
22	0000000000010101   0011110100111110        21	3d  3e
23	0000000000010110   0011100100000000        22	39  00
24	0000000000010111   0001111000000000        23	1e  00
25	0000000000011000   1001111000000000        24	9e  00
26	0000000000011001   1001111100000000        25	9f  00
27	0000000000011010   1001100100000100        26	99  04
28	0000000000011011   0101101000101101        27	5a  2d
29	0000000000011100   0001111100000000        28	1f  00
30	0000000000011101   0101011000010111        29	56  17
31	0000000000011110   0011001000000100        30	32  04
32	0000000000011111   0101101000101101        31	5a  2d
33	0000000000100000   0100101000000001        32	4a  01
34	0000000000100001   1001011000001010        33	96  0a
35	0000000000100010   0110010001000000        34	64  40
36	0000000000100011   0000000000100010        35	00  22
37	0000000000100100   0011110001001100        36	3c  4c
38	0000000000100101   0011110101001011        37	3d  4b
39	0000000000100110   0011111000000011        38	3e  03
40	0000000000100111   0011100100000000        39	39  00
41	0000000000101000   0101101000101101        40	5a  2d
42	0000000000101001   0000011000000001        41	06  01
43	0000000000101010   1000110000000000        42	8c  00
44	0000000000101011   0001111100000000        43	1f  00
45	0000000000101100   0101101100000000        44	5b  00
46	0000000000101101   0011101100000000        45	3b  00
47	0000000000101110   0011100000101110        46	38  2e
48	0000000000101111   0011101000000000        47	3a  00
49	0000000000110000   0101101100000000        48	5b  00
50	0000000011111111   0000000001001000        255	00  48
51	0000000011111110   0000000001100101        254	00  65
52	0000000011111101   0000000001101100        253	00  6c
53	0000000011111100   0000000001101100        252	00  6c
54	0000000011111011   0000000001101111        251	00  6f
55	0000000011111010   0000000000101100        250	00  2c
56	0000000011111001   0000000000100000        249	00  20
57	0000000011111000   0000000001110111        248	00  77
58	0000000011110111   0000000001101111        247	00  6f
59	0000000011110110   0000000001110010        246	00  72
60	0000000011110101   0000000001101100        245	00  6c
61	0000000011110100   0000000001100100        244	00  64
62	0000000011110011   0000000000100001        243	00  21
63	0000000011110010   0000000000100001        242	00  21
--------------------------------------------------------------------------------

HEX Code

: 10 00 00 62 40 73 0f 74 00 0b f1 05 0d 90 00 4a 01 05 0a
: 10 08 00 90 00 0b ff 5a 2a 32 04 14 07 3c 07 3d 1f 3e 00
: 10 10 00 39 00 5a 2d 33 04 5a 2d 3c 0e 3d 3e 39 00 1e 00
: 10 18 00 9e 00 9f 00 99 04 5a 2d 1f 00 56 17 32 04 5a 2d
: 10 20 00 4a 01 96 0a 64 40 00 22 3c 4c 3d 4b 3e 03 39 00
: 10 28 00 5a 2d 06 01 8c 00 1f 00 5b 00 3b 00 38 2e 3a 00
: 02 30 00 5b 00
: 10 f2 00 00 21 00 21 00 64 00 6c 00 72 00 6f 00 77 00 20
: 0c fa 00 00 2c 00 6f 00 6c 00 6c 00 65 00 48
: 00 00 01
--------------------------------------------------------------------------------
--------------------------------------------------------------------------------