********************************************************************************
*** This is an auto generated report file showing the opcodes and memory map ***
*** File name : 1602 halfbyte mode                                           ***
*** Date of creation : 21-01-2021 20:14:44                                   ***


Memory available : 256 bytes,  Memory used : 76 bytes, 29.69%
--------------------------------------------------------------------------------

Word String

0000000011111111  0000000000110100        255  4
0000000011111110  0000000000101101        254  -
0000000011111101  0000000001100010        253  b
0000000011111100  0000000001101001        252  i
0000000011111011  0000000001110100        251  t
0000000011111010  0000000000100000        250   
0000000011111001  0000000001001101        249  M
0000000011111000  0000000001101111        248  o
0000000011110111  0000000001100100        247  d
0000000011110110  0000000001100101        246  e
0000000011110101  0000000000100001        245  !
0000000011110100  0000000000100001        244  !
--------------------------------------------------------------------------------


Constants

compare_th0 = x20
compare_tl0 = x0b
prescalse_64 = $1
DATA = P1
LCD_RS = P0.3
LCD_E = P0.4
my_data = b11111111
data_len = b00001100
--------------------------------------------------------------------------------

Address     Opcode

    my_word:
    __init__:
0   		MOV TH0 compare_th0
1   		MOV TL0 compare_tl0
2   		MOV CS0 prescalse_64
3   		SET T0E
4   		DDRP0 $0
5   		DDRP1 $0
6   		MOV P0 $0
7   		MOV R0 my_data
8   		MOV R1 (data_len - 1)
9   		CALL delay
    display_set_up:
10   		MOV R2 x30
11   		CALL set_instruction
12   		CALL delay
13   		CALL set_instruction
14   		CALL delay
15   		CALL set_instruction
16   		CALL delay
17   		MOV R2 x20
18   		CALL set_instruction
19   		CALL delay
20   		MOV R2 x20
21   		CALL send_instructions
22   		MOV R2 x01
23   		CALL send_instructions
24   		MOV R2 x0c
25   		CALL send_instructions
    data_write_Mode:
26   		SET LCD_RS
    send_characters:
27   		MOV A @R0
28   		MOV R2, A
29   		CALL set_data
30   		CALL shift_LSB
31   		CALL set_data
32   		DEC R0 $1
33   		DJNZ R1, send_characters
34   		CLR LCD_RS
35   		HLT
    send_instructions:
36   		CALL set_instruction
37   		CALL shift_LSB
38   		CALL set_instruction
39   		RET
    set_instruction:
    set_data:
40   		PUSH R2
41   		PUSH R1
42   		MOV R2A $0
43   		MOV A, DATA
44   		MOV R1, A
45   		MOV R1B $0
46   		MOV A, R2
47   		ORL R1
48   		MOV DATA, A
49   		POP R1
50   		POP R2
    execute_instruction:
51   		SET LCD_E
    delay:
52   		SET TR0
    loop:
53   		JNBTF0 loop
54   		CLR T0
55   		CLR LCD_E
56   		RET
    shift_LSB:
57   		MOV R3 $3
    shift:
58   		MOV A, R2
59   		MOV C $0
60   		RLC
61   		MOV R2, A
62   		DJNZ R3, shift
63   		RET
--------------------------------------------------------------------------------

Memory Map

1	0000000000000000   0011110000100000        0	3c  20
2	0000000000000001   0011110100001011        1	3d  0b
3	0000000000000010   0011111000000001        2	3e  01
4	0000000000000011   0011100100000000        3	39  00
5	0000000000000100   0110001000000000        4	62  00
6	0000000000000101   1011010100000000        5	b5  00
7	0000000000000110   0011011000000000        6	36  00
8	0000000000000111   0000101111111111        7	0b  ff
9	0000000000001000   0001010000001011        8	14  0b
10	0000000000001001   0101101000110100        9	5a  34
11	0000000000001010   0001101100110000        10	1b  30
12	0000000000001011   0101101000101000        11	5a  28
13	0000000000001100   0101101000110100        12	5a  34
14	0000000000001101   0101101000101000        13	5a  28
15	0000000000001110   0101101000110100        14	5a  34
16	0000000000001111   0101101000101000        15	5a  28
17	0000000000010000   0101101000110100        16	5a  34
18	0000000000010001   0001101100100000        17	1b  20
19	0000000000010010   0101101000101000        18	5a  28
20	0000000000010011   0101101000110100        19	5a  34
21	0000000000010100   0001101100100000        20	1b  20
22	0000000000010101   0101101000100100        21	5a  24
23	0000000000010110   0001101100000001        22	1b  01
24	0000000000010111   0101101000100100        23	5a  24
25	0000000000011000   0001101100001100        24	1b  0c
26	0000000000011001   0101101000100100        25	5a  24
27	0000000000011010   0011001000001000        26	32  08
28	0000000000011011   1000110000000000        27	8c  00
29	0000000000011100   0001111100000000        28	1f  00
30	0000000000011101   0101101000101000        29	5a  28
31	0000000000011110   0101101000111001        30	5a  39
32	0000000000011111   0101101000101000        31	5a  28
33	0000000000100000   0100101000000001        32	4a  01
34	0000000000100001   0101011000011011        33	56  1b
35	0000000000100010   0011001100001000        34	33  08
36	0000000000100011   0000111100000000        35	0f  00
37	0000000000100100   0101101000101000        36	5a  28
38	0000000000100101   0101101000111001        37	5a  39
39	0000000000100110   0101101000101000        38	5a  28
40	0000000000100111   0101101100000000        39	5b  00
41	0000000000101000   0110000000000000        40	60  00
42	0000000000101001   0101111000000000        41	5e  00
43	0000000000101010   0001100100000000        42	19  00
44	0000000000101011   1011100000000000        43	b8  00
45	0000000000101100   0001100000000000        44	18  00
46	0000000000101101   0001001100000000        45	13  00
47	0000000000101110   0001111000000000        46	1e  00
48	0000000000101111   1000100000000000        47	88  00
49	0000000000110000   1011011100000000        48	b7  00
50	0000000000110001   0101111100000000        49	5f  00
51	0000000000110010   0110000100000000        50	61  00
52	0000000000110011   0011001000010000        51	32  10
53	0000000000110100   0011101100000000        52	3b  00
54	0000000000110101   0011100000110101        53	38  35
55	0000000000110110   0011101000000000        54	3a  00
56	0000000000110111   0011001100010000        55	33  10
57	0000000000111000   0101101100000000        56	5b  00
58	0000000000111001   0111001100000011        57	73  03
59	0000000000111010   0001111000000000        58	1e  00
60	0000000000111011   1001111000000000        59	9e  00
61	0000000000111100   1010000000000000        60	a0  00
62	0000000000111101   0001111100000000        61	1f  00
63	0000000000111110   1001011000111010        62	96  3a
64	0000000000111111   0101101100000000        63	5b  00
65	0000000011111111   0000000000110100        255	00  34
66	0000000011111110   0000000000101101        254	00  2d
67	0000000011111101   0000000001100010        253	00  62
68	0000000011111100   0000000001101001        252	00  69
69	0000000011111011   0000000001110100        251	00  74
70	0000000011111010   0000000000100000        250	00  20
71	0000000011111001   0000000001001101        249	00  4d
72	0000000011111000   0000000001101111        248	00  6f
73	0000000011110111   0000000001100100        247	00  64
74	0000000011110110   0000000001100101        246	00  65
75	0000000011110101   0000000000100001        245	00  21
76	0000000011110100   0000000000100001        244	00  21
--------------------------------------------------------------------------------

HEX Code

: 10 00 00 3c 20 3d 0b 3e 01 39 00 62 00 b5 00 36 00 0b ff
: 10 08 00 14 0b 5a 34 1b 30 5a 28 5a 34 5a 28 5a 34 5a 28
: 10 10 00 5a 34 1b 20 5a 28 5a 34 1b 20 5a 24 1b 01 5a 24
: 10 18 00 1b 0c 5a 24 32 08 8c 00 1f 00 5a 28 5a 39 5a 28
: 10 20 00 4a 01 56 1b 33 08 0f 00 5a 28 5a 39 5a 28 5b 00
: 10 28 00 60 00 5e 00 19 00 b8 00 18 00 13 00 1e 00 88 00
: 10 30 00 b7 00 5f 00 61 00 32 10 3b 00 38 35 3a 00 33 10
: 10 38 00 5b 00 73 03 1e 00 9e 00 a0 00 1f 00 96 3a 5b 00
: 10 f4 00 00 21 00 21 00 65 00 64 00 6f 00 4d 00 20 00 74
: 08 fc 00 00 69 00 62 00 2d 00 34
: 00 00 01
--------------------------------------------------------------------------------
--------------------------------------------------------------------------------